2017-05-01 13:42:13 < hungjie19 > test
2017-05-02 03:04:09 < hashman > test
2017-05-05 13:41:17 < alvinyen > 嗨嗨請問直播票的連結是是明天早上才會寄出嗎？？
2017-05-05 13:41:19 < alvinyen > 還是？？
2017-05-05 13:42:29 < alvinyen > 原來跑道社交網路Tab去了QQ
2017-05-05 13:42:32 < alvinyen > 抱歉打擾
2017-05-05 14:48:20 < Wcc723 > :smile: 
2017-05-06 01:03:31 < miko566 > 請問直播有開聲音嗎？ 目前沒聽到聲音，是我操作的問題嗎？ ＠＠
2017-05-06 01:04:43 < miko566 > 還是直播跟現場會有時差嗎？
2017-05-06 01:04:46 < RooWelly2090 > 沒聽到＋1
2017-05-06 01:04:54 < wei840220 > +1
2017-05-06 01:04:58 < yVYE4RGBk8rwIWb_twitter > +1
2017-05-06 01:05:06 < lloyd3126 > +1
2017-05-06 01:05:45 < Wcc723 > 這邊 delay 開始
2017-05-06 01:05:51 < yingming25 > 好像會卡
2017-05-06 01:07:04 < smallseven1213 > 請問連結是...?
2017-05-06 01:07:50 < yingming25 > 在注意事項第三點
2017-05-06 01:08:13 < Wcc723 > https://github.com/KSF2E/news
最新消息在這邊喔，包含直撥連結
2017-05-06 01:08:24 < miko566 > 聽不到聲音  哭哭
2017-05-06 01:08:28 < _1654035593321_twitter > 請問大家現在是有聲音的嗎？
2017-05-06 01:08:36 < smallseven1213 > ok,感謝
2017-05-06 01:08:46 < momoxtea > 沒聲音+1
2017-05-06 01:08:49 < HoshinoSyouta > 沒聲音
2017-05-06 01:08:52 < RooWelly2090 > 在講話沒聲音
2017-05-06 01:08:58 < ghclaire > 沒聲音
2017-05-06 01:09:03 < Yuki0916 > 沒有 +1
2017-05-06 01:09:09 < Charlene03 > 還是沒聽到聲音
2017-05-06 01:09:14 < smallseven1213 > 好吧沒聲音
2017-05-06 01:09:15 < wei840220 > 沒聲音QQ
2017-05-06 01:09:17 < dustinhsiao21 > 沒聲音
2017-05-06 01:09:29 < spest3122 > 沒聲音
2017-05-06 01:09:30 < pdexx > 沒聲音+1
2017-05-06 01:09:39 < Wcc723 > 調整中
2017-05-06 01:09:46 < absszero > 辛苦了
2017-05-06 01:09:54 < _1654035593321_twitter > 好的辛苦了
2017-05-06 01:10:04 < Cooshif > 沒聲音！
2017-05-06 01:10:26 < stanley823 > 有了~
2017-05-06 01:10:28 < NYOandQ > 有聲音了
2017-05-06 01:10:29 < spest3122 > 友了 
2017-05-06 01:10:30 < _1654035593321_twitter > 有了
2017-05-06 01:10:32 < HoshinoSyouta > 有了
2017-05-06 01:10:33 < RooWelly2090 > 有了感恩～
2017-05-06 01:10:43 < ghclaire > 感謝 有了喔
2017-05-06 01:10:48 < Charlene03 > 我這邊也有了 謝謝
2017-05-06 01:10:51 < miko566 > 聽到了  感恩
2017-05-06 01:12:01 < dustinhsiao21 > lag?
2017-05-06 01:12:06 < NYOandQ > 大lag
2017-05-06 01:12:35 < zhoat > 卡住了
2017-05-06 01:12:54 < yingming25 > 重新整理好像有用
2017-05-06 01:12:57 < Yuki0916 > F5一下就可以了
2017-05-06 01:14:49 < HamidaHanani_twitter > 只有我這邊一直斷訊嗎?
2017-05-06 01:15:40 < Charlene03 > 我這邊目前不會斷訊喔
2017-05-06 01:16:00 < miko566 > 需要重新整理
2017-05-06 01:16:04 < HoshinoSyouta > 有聲音之後沒斷過
2017-05-06 01:16:12 < miko566 > 我這邊目前穩定了
2017-05-06 01:20:44 < _1654035593321_twitter > 很穩定
2017-05-06 01:21:36 < spest3122 > 請問演講者的簡報  會願意分享給參加者嗎??
2017-05-06 01:24:04 < davidpai > 嗨早安~
2017-05-06 01:24:10 < amowu > 好多懷念的東西 XD
2017-05-06 01:24:32 < _1654035593321_twitter > 好好笑
2017-05-06 01:25:24 < davidpai > 我這裡看的youtube直播可以快轉倒轉耶，這樣算是直播嗎QQ?
2017-05-06 01:26:17 < hungjie19 > youtube 本來就有這功能超棒的
2017-05-06 01:26:24 < _1654035593321_twitter > 快轉是哪招，預知未來嗎XD
2017-05-06 01:27:34 < davidpai > 可能是我倒轉了很多，然後再用快轉吧
2017-05-06 01:28:16 < wei840220 > 講了很多國小有印象的東西 XDDD
2017-05-06 01:28:45 < amowu > IE?
2017-05-06 01:28:56 < _1654035593321_twitter > 不知道，哈哈哈
2017-05-06 01:29:03 < BokuhaOutlier27_twitter > IE吧
2017-05-06 01:29:04 < PSheon > ie
2017-05-06 01:29:08 < Cooshif > netscape?
2017-05-06 01:29:11 < davidpai > 啊我知道了，我的時間大概是30秒前
2017-05-06 01:29:25 < wenyishie > 微軟的ＩＥ阿
2017-05-06 01:29:33 < hungjie19 > 是啊  剛剛沒聽清楚的倒轉都沒問題
2017-05-06 01:29:37 < stanley823 > ie
2017-05-06 01:29:56 < Welly0902 > 最左邊是甚麼呀
2017-05-06 01:29:57 < hungjie19 > IE 4.0 !!
2017-05-06 01:30:34 < YC20150914 > ie
2017-05-06 01:30:35 < BokuhaOutlier27_twitter > 最左邊是netScape
2017-05-06 01:30:36 < betsu > 喔喔喔!!!IE
2017-05-06 01:30:48 < davidpai > AJAX IE
2017-05-06 01:31:04 < BokuhaOutlier27_twitter > 萬惡的IE XDDDDDDD
2017-05-06 01:31:17 < davidpai > 微軟還是有貢獻的
2017-05-06 01:34:03 < YKKate > 愈看愈覺得這幾年才入行實在是太幸福了
2017-05-06 01:34:23 < davidpai > 圓角 XDD
2017-05-06 01:34:36 < betsu > 圓角+漸層超想死
2017-05-06 01:34:54 < _1654035593321_twitter > 但還是有瀏覽器不支援圓角，哈哈哈
2017-05-06 01:35:25 < BokuhaOutlier27_twitter > 瀏覽器：圓角破給你看 嘿嘿
2017-05-06 01:35:57 < yVYE4RGBk8rwIWb_twitter > 哈哈
2017-05-06 01:38:01 < stanley823 > 貼
https://www.facebook.com/notes/lock-chou/譯為什麼我們找不到前端工程師/10152095506555563/
2017-05-06 01:38:17 < Welly0902 > 謝謝!!
2017-05-06 01:38:23 < BokuhaOutlier27_twitter > 老人：年輕人你們幸福多了
2017-05-06 01:38:57 < BokuhaOutlier27_twitter > 感謝分享！
2017-05-06 01:38:58 < spest3122 > @stanley823 謝謝!!
2017-05-06 01:39:01 < davidpai > 原來ASUS的router網頁介面重開是這樣做來的
2017-05-06 01:39:20 < Charlene03 > 👍
2017-05-06 01:40:03 < _1654035593321_twitter > 把心思放在解決使用者的問題→覺得好有道理
2017-05-06 01:40:08 < stanley823 > :smile: 
2017-05-06 01:41:03 < paicheng > 現場的wifi頻寬可能不足，講者如果要上youtube應該要避免使用公用的wifi以保障演講品質。
2017-05-06 01:41:05 < davidpai > 很雷，太多跨不過去
2017-05-06 01:48:33 < davidpai > 要做市場調查
2017-05-06 01:51:20 < BokuhaOutlier27_twitter > https://hackernoon.com/how-it-feels-to-learn-javascript-in-2016-d3a717dd577f
2017-05-06 01:51:39 < stanley823 > 哈哈，謝謝
2017-05-06 01:51:44 < davidpai > 3Q
2017-05-06 01:52:16 < Charlene03 > Thanks
2017-05-06 01:52:52 < davidpai > CP值超高XD
2017-05-06 01:53:37 < betsu > javascript真的越來越厲害了~
2017-05-06 01:54:11 < leannechen > 平匡認證XD
2017-05-06 01:54:16 < davidpai > 心理學
2017-05-06 01:54:28 < betsu > 心理學吧@@
2017-05-06 01:55:07 < davidpai > 認知科學之類的，藉由設計來達到行銷目的
2017-05-06 01:55:34 < mosquitojoe85 > 設計心理學之類的
2017-05-06 01:55:36 < betsu > 設計心理學也滿重要的~跟設計師溝通可以拿來用
2017-05-06 01:55:39 < davidpai > 譬如call to action按鈕如何設計比較能吸引user去點
2017-05-06 01:55:52 < betsu > 文案的寫法也是滿重要的
2017-05-06 01:56:22 < davidpai > 通靈 XD
2017-05-06 01:56:34 < BokuhaOutlier27_twitter > 文案啊 文筆很重要 文字能不能抓到目光，時事梗一直用久了會膩
2017-05-06 01:57:27 < mosquitojoe85 > 時事梗怎麼用阿XD
2017-05-06 01:58:03 < betsu > 比較常看到的是call to action的文案沒有action啊啊啊啊~~
2017-05-06 01:58:32 < BokuhaOutlier27_twitter > 有一陣子好像流行「___不要不要的」一開始用會很新鮮，久了受眾看到就會覺得煩
2017-05-06 01:58:59 < BokuhaOutlier27_twitter > 就是大概文案出現一兩次就好，不要一直用
2017-05-06 01:59:03 < Yuki0916 > 網路流行用語都是這樣阿
2017-05-06 01:59:39 < davidpai > 時事埂是臉書粉絲團小編的必備技能
2017-05-06 01:59:57 < Yukaii > 嫑嫑的
2017-05-06 02:00:14 < Wcc723 > 那個不要不要，注音怎麼拼啊 >O<
2017-05-06 02:00:23 < stanley823 > 孬
2017-05-06 02:00:28 < stanley823 > ㄋㄠ
2017-05-06 02:00:33 < davidpai > 孬孬的
2017-05-06 02:00:37 < stanley823 > 欸不是這個
2017-05-06 02:00:48 < Welly0902 > 哈哈哈哈
2017-05-06 02:01:06 < Yukaii > ㄅㄧㄠˊ 
2017-05-06 02:01:43 < davidpai > 哈哈有的有這個字嗎QQ?
2017-05-06 02:01:48 < miko566 > 還真有這字
2017-05-06 02:02:09 < miko566 > 是新創的字還是古字啊
2017-05-06 02:02:17 < BokuhaOutlier27_twitter > 合字現在有很多 只是沒用到
2017-05-06 02:02:36 < RaphaHsu > 讓你看得嫑嫑
2017-05-06 02:02:52 < betsu > 感謝~~~
2017-05-06 02:02:56 < stanley823 > 感謝
2017-05-06 02:02:57 < miko566 > 謝謝
2017-05-06 02:03:01 < davidpai > 太早開始大家都很想睡的樣子XD
2017-05-06 02:03:06 < mosquitojoe85 > <3
2017-05-06 02:03:13 < BokuhaOutlier27_twitter > 以前就有了 之前為了改字體，開專用軟體繁體字真的多到嚇死人 超多冷僻字連看都沒看過
2017-05-06 02:03:31 < spest3122 > @RaphaHsu 感謝!!
2017-05-06 02:03:58 < HoshinoSyouta > 嫑嫑的
2017-05-06 02:04:09 < stanley823 > 查到這個，覺得有趣
http://news.knowing.asia/news/e66c37b8-7391-4535-b3b9-2b245d086233
2017-05-06 02:04:15 < davidpai > 為什麼我打不出來QQ?
2017-05-06 02:04:28 < HoshinoSyouta > 新注音打不出來
2017-05-06 02:04:31 < Bo6y > 微軟新注音沒有
2017-05-06 02:05:28 < stanley823 > 嫑
2017-05-06 02:06:08 < davidpai > 用自然注音也沒有QQ
2017-05-06 02:06:25 < wenyishie > ㄅㄠˊ
2017-05-06 02:06:37 < stanley823 > mac的注音輸入法有
2017-05-06 02:06:59 < Wcc723 > 嫑嫑
2017-05-06 02:07:33 < Wcc723 > ㄅㄧㄠˊ
2017-05-06 02:07:50 < davidpai > 啊嗚windows用戶被排擠了 >"<
2017-05-06 02:08:05 < Wcc723 > 快複製到剪貼簿 ~
2017-05-06 02:08:31 < BokuhaOutlier27_twitter > 很有趣 輸入法不同好像連拼音也不同
2017-05-06 02:09:38 < _1654035593321_twitter > 想請問節目表要去哪裡看呢
2017-05-06 02:09:45 < HoshinoSyouta > 官網有
2017-05-06 02:10:06 < BokuhaOutlier27_twitter > 現場的wifi好像不給連....
2017-05-06 02:10:10 < davidpai > http://www.ksf2e.com/
2017-05-06 02:10:14 < trylovetom > 嫑
2017-05-06 02:10:47 < BokuhaOutlier27_twitter > wifi連名稱都找不到...邊緣空氣宅臭了嗎？
2017-05-06 02:11:00 < trylovetom > 主持人<3
2017-05-06 02:11:47 < Yukaii > 少年魔法師 XDD
2017-05-06 02:12:13 < mosquitojoe85 > 少年魔法師 XDDDD
2017-05-06 02:12:15 < sylviaSyu > Magic
2017-05-06 02:12:36 < davidpai > 主持人 <3 +1
2017-05-06 02:15:09 < davidpai > promise是什麼QQ?
2017-05-06 02:17:10 < Yuki0916 > 處理非同步的方法之一  避免回呼地域
2017-05-06 02:17:24 < mosquitojoe85 > 非同步讓我超頭痛的，正好需要這個!!
2017-05-06 02:17:38 < Wcc723 > 樓上一句話解釋 Promise
2017-05-06 02:18:13 < BokuhaOutlier27_twitter > 回呼=回傳呼叫？
2017-05-06 02:18:41 < Yuki0916 > callback hell
2017-05-06 02:18:47 < s25g5d4 > Promise 是一個狀態機，有 pending, fulfilled, rejected 三種狀態
2017-05-06 02:19:05 < s25g5d4 > 你可以綁 callback 到當它變成 fulfilled 或 rejected 狀態時
2017-05-06 02:19:57 < BokuhaOutlier27_twitter > 感謝解說
2017-05-06 02:23:03 < davidpai > 感恩
2017-05-06 02:24:34 < davidpai > 天啊，感覺快跟不上了>"<
2017-05-06 02:26:08 < BokuhaOutlier27_twitter > 設計師-->覺得苦手 前面還勉強跟上
2017-05-06 02:27:29 < sylviaSyu > 不簡單...
2017-05-06 02:36:33 < davidpai > 有點抽象難理解....
2017-05-06 02:38:03 < RaphaHsu > Observable可以解決非同步操作間的狀態管理
2017-05-06 02:38:28 < RaphaHsu > 而不用自己寫旗標，紀錄狀態
2017-05-06 02:38:31 < RaphaHsu > 解決了Promise觸發時機的問題
2017-05-06 02:39:17 < RaphaHsu > 或是以往需要自己紀錄事件觸發頻率，做throttle
2017-05-06 02:41:15 < Welly0902 > 請問甚麼是非同步事件
2017-05-06 02:42:12 < RaphaHsu > 投影片拿scroll事件為例
2017-05-06 02:42:50 < yingming25 > 偉杰老師的JS課程13章AJAX有提到同步跟非同步
2017-05-06 02:43:07 < davidpai > 這就是剛剛前面Lock大大說的，好的前端工程師的目標是要能說好設計師跟工程師的語言
2017-05-06 02:44:55 < Wcc723 > 如果線上有任何問題，可以在這邊發問
2017-05-06 02:45:31 < same07301_twitter > 剛剛那個工商畫面太快了ＱＡＱ
2017-05-06 02:45:55 < BokuhaOutlier27_twitter > http://www.appier.com/zh/
2017-05-06 02:48:26 < RaphaHsu > 講者RxJS Workshop
http://goo.gl/rlgtKP
2017-05-06 02:48:35 < davidpai > 感覺是很棒的東西RxJS
2017-05-06 02:48:41 < wenyishie > 需要什麼基本能力？
2017-05-06 02:48:59 < Wcc723 > http://www.appier.com/zh/index.html
2017-05-06 02:49:22 < RaphaHsu > 職缺可以參考Appier官網喲
http://www.appier.com/zh/join_us.html
2017-05-06 02:50:35 < miko566 > ＪＳ有基礎就可以接觸這個或報名嗎？
2017-05-06 02:51:04 < sylviaSyu > 對下一個議程有興趣 :D
2017-05-06 02:51:34 < davidpai > 我覺得除了JS基礎之外，還需要對非同步事件有一定了解
2017-05-06 02:52:01 < _1654035593321_twitter > 我還是好好的先把廖老師的js課程先看完，把js基礎打好，再重看錄影檔，不然都有種，為什麼明明說的是地球語言但我都聽不懂在說什麼的狀態(感覺下午的vue.js也一樣)，哈哈哈
2017-05-06 02:52:30 < nicole0116 > 嗯   同感
2017-05-06 02:53:10 < shinelu2013 > http://ithelp.ithome.com.tw/articles/10186103
2017-05-06 02:54:47 < shinelu2013 > RxJS似乎還不錯用的感覺, 找個時間來研究看看
2017-05-06 02:55:25 < betsu > 期待下個議程~~~
2017-05-06 02:56:27 < _1654035593321_twitter > 我最期待網站規劃流程二三事😂
2017-05-06 02:56:53 < davidpai > 看後面的議程，好像比較燒腦的都過去了
2017-05-06 02:57:06 < sylviaSyu > 二三事感覺也很棒 ^_^
2017-05-06 02:57:50 < miko566 > RxJS 算是一種ＪＳ的進化還是一種解決模式還是什麼東西ㄋ？
2017-05-06 02:58:40 < BoJiaSu > ㄅㄧㄠ
2017-05-06 02:59:18 < davidpai > 覺得應該都算是
2017-05-06 02:59:22 < BokuhaOutlier27_twitter > 結果現場Wifi還是無解
2017-05-06 02:59:24 < sylviaSyu > 最近專案在設計APP UI 和 流程情境  希望可以user friendly 也能coding friendly :D :D
2017-05-06 03:00:09 < wenyishie > @BokuhaOutlier27_twitter 我用電腦跟手機都很順欸 有發生頻寬不足嗎？
2017-05-06 03:00:55 < davidpai > 感覺它是一種設計模式，剛好很適合用來解決非同步事件的混亂，然後剛好就用JS來寫
2017-05-06 03:02:49 < miko566 > RxJS 是如ＪＱ那樣的東西用載入之後就可以操作的ㄇ？
2017-05-06 03:03:27 < mosquitojoe85 > "RxJS 提供了一套完整的非同步解決方案，讓我們在面對各種非同步行為，不管是 Event, AJAX, 還是 Animation 等，我們都可以使用相同的 API (Application Programming Interface) 做開發。"
Jerry大大的30天RxJs教學
2017-05-06 03:03:42 < sherry60421 > 算是設計概念，然後同樣的概念寫出了多個library通用於各主流程式語言，JS只是其中一種
2017-05-06 03:04:33 < miko566 > 好像有點了解了，謝謝各位大大解釋
2017-05-06 03:06:44 < davidpai > 前端領域百花齊放，感覺後端都只剩下寫DB和API跟前端串的功用了 orz...
2017-05-06 03:06:50 < mosquitojoe85 > RxJs跟ES7的async await 比較起來不知如何?
2017-05-06 03:07:27 < sylviaSyu > 後端反而處理的東西比前端單純許多
2017-05-06 03:07:43 < sylviaSyu > 給他input 產出預期的output即可
2017-05-06 03:07:54 < BokuhaOutlier27_twitter > @wenyishie 我的筆電還是找不到名稱ksf2e的wifi
2017-05-06 03:08:44 < BokuhaOutlier27_twitter > @wenyishie 頂多只有ksf2e_staff 有密碼也沒有，我放棄了
2017-05-06 03:08:47 < davidpai > 對啊，丟來不對的input就吐error回去就收工了 XDD
2017-05-06 03:08:54 < s25g5d4 > 連 iKMU
2017-05-06 03:09:08 < BokuhaOutlier27_twitter > @s25g5d4 喔！感謝幫忙
2017-05-06 03:10:11 < sylviaSyu > 真的 有一些新coding的朋友 踏入時 會認為前端比後端簡單
2017-05-06 03:10:45 < wenyishie > @BokuhaOutlier27_twitter 應該會有訪客WiFi 可以問問學校....
2017-05-06 03:10:47 < sylviaSyu > 認為UI和動畫 google 大神幫忙 edit就可以online 呵呵...
2017-05-06 03:11:12 < BokuhaOutlier27_twitter > 前端的坑太多了 不會比後端簡單啦！
2017-05-06 03:11:15 < r567tw > 我是從後端往前端走 覺得後端比較單純 前端根本大亂鬥阿xdddd
2017-05-06 03:11:23 < wenyishie > @BokuhaOutlier27_twitter 同意慘了
2017-05-06 03:11:27 < sylviaSyu > +1 :D
2017-05-06 03:11:43 < davidpai > 不能同意更多了
2017-05-06 03:11:56 < wenyishie > 後端的朋友也告訴我 他還是乖乖弄後端就好 前端坑太大了 學不完
2017-05-06 03:12:04 < BokuhaOutlier27_twitter > @wenyishie 我解決wifi了感謝 要從iKMU登入(耍笨
2017-05-06 03:12:32 < BokuhaOutlier27_twitter > 應徵UI設計看到條件寫熟悉前端技能，當下我吐血了
2017-05-06 03:12:53 < wenyishie > 對... 熟悉前端技能是殺毀........
2017-05-06 03:13:10 < davidpai > 我也從後端往前走，光瀏覽器相容性的問題就快昏倒
2017-05-06 03:13:20 < sylviaSyu > IE好難搞 呵呵
2017-05-06 03:14:00 < BokuhaOutlier27_twitter > 當下直覺寫這個條件的是鬼公司 拔腿就跑
2017-05-06 03:14:49 < davidpai > 工友 就像網友的意思
2017-05-06 03:15:01 < BokuhaOutlier27_twitter > IE很難搞，比出爾反爾的老闆還難搞
2017-05-06 03:15:31 < sylviaSyu > 不怕神一般的對手 只怕豬一般的隊友 :D
2017-05-06 03:17:19 < davidpai > 一個team的最佳人數就是三個，多了，有溝通成本，少了，人力(腦力)不夠
2017-05-06 03:17:40 < davidpai > 有正妹@@!
2017-05-06 03:18:33 < trylovetom > 我只看到主持人！！
2017-05-06 03:19:18 < davidpai > 求主持人臉書IG
2017-05-06 03:19:24 < r567tw > 真的!!  主持人可以自我介紹嗎
2017-05-06 03:19:39 < trylovetom > <3<3<3
2017-05-06 03:19:54 < wenyishie > 就是考js的原型吧...?
2017-05-06 03:20:06 < sylviaSyu > 可以借考題看一下嗎 :D
2017-05-06 03:21:47 < davidpai > 踩過多少雷，有過多少經驗，這也是你可以要求的薪資高低
2017-05-06 03:21:48 < BokuhaOutlier27_twitter > （主持人逃走中
2017-05-06 03:22:20 < Wcc723 > 現場優勢!?
2017-05-06 03:24:33 < davidpai > 考題看起來考JS基本觀念
2017-05-06 03:25:14 < Wcc723 > 寫履歷重點!!!
2017-05-06 03:26:28 < davidpai > 前端工程師，由於有工程師三個字，結果變成很多人誤解
2017-05-06 03:27:01 < _1654035593321_twitter > 學歷跟自傳嗎，哈哈
2017-05-06 03:27:11 < Welly0902 > XDE
2017-05-06 03:27:12 < Welly0902 > XD
2017-05-06 03:27:30 < BokuhaOutlier27_twitter > 說到大學沒畢業的大神我會想到Tony Q
2017-05-06 03:27:56 < davidpai > TonyQ大大!
2017-05-06 03:28:03 < r567tw > 覺得被學校教壞了  學校老師都說自傳很重要 哈哈
2017-05-06 03:28:09 < mosquitojoe85 > 大大!
2017-05-06 03:28:50 < BokuhaOutlier27_twitter > 日本的求職就是這樣搞的吧 一整排面試官坐在對面壓迫面試者
2017-05-06 03:28:59 < hungjie19 > 一頁式履歷
經歷 > 學歷
作品 > 證照
2017-05-06 03:29:36 < ktzktg > Hi
2017-05-06 03:29:51 < davidpai > Hi hi @ktzktg 
2017-05-06 03:30:34 < ktzktg > ^_^
2017-05-06 03:30:42 < BokuhaOutlier27_twitter > 證照可以用專業技能替換
2017-05-06 03:30:57 < BokuhaOutlier27_twitter > 有些設計領域是不看證照的
2017-05-06 03:31:56 < davidpai > design領域大概就作品集，coding領域大概就Github
2017-05-06 03:32:24 < _1654035593321_twitter > 面試者也要小心，如果對方在跟你討論的過程中，連你要來做什麼都不知道(比如明明是前端工程師，卻問你會不會JAVA，這種公司完全可以不用去了
2017-05-06 03:33:07 < davidpai > 這樣可以直接找藉口結束面試了，以免浪費雙方時間
2017-05-06 03:33:13 < _1654035593321_twitter > 有些小公司的面試者就是老闆自己，然後連你的工作內容都搞不清楚
2017-05-06 03:33:56 < BokuhaOutlier27_twitter > @_1654035593321_twitter 這個問題人資佔八成 老闆佔兩成 
2017-05-06 03:35:08 < kmsheng > 前端工程師會 JAVA 也算加分吧 ~ 畢竟 JAVA 這語言特性也滿完整的 ( 題外話 ) XD
2017-05-06 03:35:33 < BokuhaOutlier27_twitter > 人資以為把技能條件寫的包山包海就能找到優秀人才，殊不知求職者看到了會覺得這家公司連精確的人才技能都不清楚，沒sense
2017-05-06 03:36:29 < _1654035593321_twitter > @kmsheng 但感覺只是分不清楚JAVA跟Javascript而已
2017-05-06 03:36:32 < davidpai > @kmsheng 我不這樣認為，JAVA跟Javascript根本是兩種不同特性的語言，雖然都有物件導向
2017-05-06 03:37:11 < kmsheng > @_1654035593321_twitter 喔喔, 那就真的該打屁股
2017-05-06 03:37:51 < kmsheng > @davidpai 我的意思是, 他如果除了 js 以外, 也有其他後端語言的學習經驗, 這點對我來說是加分的
2017-05-06 03:38:09 < BokuhaOutlier27_twitter > @davidpai 沒錯特性有差，分不清楚真的是糗大了
2017-05-06 03:38:37 < davidpai > @kmsheng 這我同意
2017-05-06 03:38:41 < _1654035593321_twitter > 真的，包山包海，但其實只讓面試者覺得這家公司根本不懂那職缺是幹嘛的......
2017-05-06 03:39:20 < BokuhaOutlier27_twitter > @kmsheng 面試官可以說明一下為什麼要懂Java哪邊會用到避免誤會
2017-05-06 03:40:36 < davidpai > Coding Style有時可以用工具來幫忙
2017-05-06 03:41:06 < davidpai > 但最終最好還是自己的習慣改過來
2017-05-06 03:41:22 < ppc52776 > 請問寫測試有什麼方向去進行?
2017-05-06 03:41:48 < sylviaSyu > PM是不是有技術背景 IT Team蠻重要的
2017-05-06 03:42:03 < kmsheng > @sylviaSyu 我也這樣認為
2017-05-06 03:42:31 < _1654035593321_twitter > 很多PM都沒有orz
2017-05-06 03:43:36 < sylviaSyu > @ppc52776 測試方向要看每次測試的重點是什麼 如: 單元模組測試 或 情境測試  整合測試 壓力測試等 不同的測試有不不同的測試方向
2017-05-06 03:44:01 < davidpai > 寫測試還是我不是很熟的地方，主要還是不知道哪些地方適合寫測試程式
2017-05-06 03:44:49 < davidpai > 該如何測試，如何確定測試是對的
2017-05-06 03:44:56 < sylviaSyu > @_1654035593321_twitter 會建議有事因為 有技術背景才知道如何安排時程進度 客戶問時程長短 可以了解why
不過還是要看PM是負責什麼專案拉 呵呵
2017-05-06 03:45:07 < kmsheng > @davidpai e2e (畫面上該有什麼) 跟 function 的 unit test 囉
2017-05-06 03:45:22 < BokuhaOutlier27_twitter > Slack 用來工作溝通好用
2017-05-06 03:45:23 < kmsheng > @davidpai 寫好可以綁到 Travis CI 自動跑
2017-05-06 03:45:53 < BokuhaOutlier27_twitter > @sylviaSyu PM沒有技術背景的話 會變通靈
2017-05-06 03:45:59 < BokuhaOutlier27_twitter > 大家就變通靈王了
2017-05-06 03:46:03 < trylovetom > 天靈靈地靈靈
2017-05-06 03:46:04 < sylviaSyu > 哈哈哈哈 
2017-05-06 03:46:25 < sylviaSyu > 團隊文化 是由公司文化延伸而來 公司文化才是重點 :D
2017-05-06 03:46:37 < mosquitojoe85 > 我也想導入測試進公司的開發流程QQ
2017-05-06 03:46:50 < sylviaSyu > 測試最難的 我猜是 壓力測試
2017-05-06 03:47:13 < davidpai > @kmsheng 主要就是網頁web這種東西是很視覺很流程的東西，如何用寫程式的方式去測試
2017-05-06 03:47:27 < BokuhaOutlier27_twitter > 饅頭...比較像是班主任吧
2017-05-06 03:47:47 < ppc52776 > 我也想知道前端怎麼寫測試
2017-05-06 03:48:21 < davidpai > @ppc52776 對啊，很難怎麼想前端如何去測試
2017-05-06 03:48:25 < BokuhaOutlier27_twitter > @sylviaSyu 公司文化真的很重要，如果團隊文化比較年輕，但公司文化比較傳統，感覺團隊比較會有壓迫的感覺
2017-05-06 03:48:34 < BokuhaOutlier27_twitter > 想知道前端測試ㄐㄧㄚ
2017-05-06 03:48:46 < BokuhaOutlier27_twitter > 想知道前端測試+1
2017-05-06 03:49:02 < sylviaSyu > 前端 JS錯不會說 很苦惱 > <
2017-05-06 03:49:50 < chnbohwr > http://airbnb.io/enzyme/   reactjs unit test util
2017-05-06 03:49:53 < _1654035593321_twitter > F12也不能檢測嗎
2017-05-06 03:50:10 < davidpai > 現在只會用chrome的F12看console錯誤
2017-05-06 03:50:20 < sylviaSyu > 大部分可以 但無法100%
2017-05-06 03:50:29 < kmsheng > 完了 筆電快沒電了 ...離插座好遠
2017-05-06 03:50:57 < davidpai > @kmsheng 在現場嗎?
2017-05-06 03:51:04 < kmsheng > @davidpai yes
2017-05-06 03:51:10 < sylviaSyu > 1&1 會不會讓對方覺得壓力很大 被約談的感覺
2017-05-06 03:51:50 < trylovetom > ![1 on 1](https://i.ytimg.com/vi/aOFnqED0jlk/maxresdefault.jpg)
2017-05-06 03:52:09 < BokuhaOutlier27_twitter > 比較傳統一點的公司不太有1 on 1，就算有，給人的感覺也很壓迫
2017-05-06 03:52:28 < hao830103 > 充電區在外頭 再撐一下吧 哈哈
2017-05-06 03:52:32 < ppc52776 > 覺得 1on1 比較能講一些話
2017-05-06 03:52:36 < kmsheng > G ~~ G
2017-05-06 03:52:48 < sylviaSyu > sharing 很重要!!!
2017-05-06 03:53:03 < kmsheng > 不過我個人覺得,  指正錯誤的話, 私下談或許會比較好
2017-05-06 03:53:08 < sylviaSyu > i like it,可以提升team視野和能力
2017-05-06 03:53:21 < davidpai > 手把手帶新人，學長學弟的概念
2017-05-06 03:53:31 < ppc52776 > @kmsheng 同意
2017-05-06 03:53:44 < kmsheng > 1 on 1 確實有其必要性
2017-05-06 03:53:53 < YKKate > 之前待過一個小公司有類似1 on 1，但是跟老闆提問題，問題只會愈來愈大而不會解決，導致之後大家根本都在呼攏老闆..
2017-05-06 03:53:55 < sylviaSyu > sharing 不要侷限在IT議題 讓跨部門的人可以了解不同領域的東西
2017-05-06 03:54:02 < kmsheng > 像很多話, 平常隊友都不會在 slack 或 issue tracking system 說
2017-05-06 03:54:17 < kmsheng > 1 on1 , 個人的想法就會比較容易問出來
2017-05-06 03:54:18 < leannechen > Remote Work好棒
2017-05-06 03:54:29 < s9183858 > Oh
2017-05-06 03:54:46 < _1654035593321_twitter > 好棒的公司文化喔
2017-05-06 03:55:14 < sylviaSyu > 心動趕快行動:DD
2017-05-06 03:55:42 < leannechen > XDDDD
2017-05-06 03:55:45 < _1654035593321_twitter > 程度太差無法行動，哈哈
2017-05-06 03:55:47 < betsu > 跟不同部門share真的超重要的
2017-05-06 03:56:21 < davidpai > 害羞 >/////<
2017-05-06 03:56:34 < sylviaSyu > @betsu  +1 
2017-05-06 03:56:42 < betsu > 也是訓練大家present的一種方法
2017-05-06 03:57:21 < davidpai > @betsu +1
2017-05-06 03:58:21 < sylviaSyu > 把小專案 的某一部分 給 member負責 可以增加成就感
2017-05-06 03:58:41 < _1654035593321_twitter > 想要一直寫css就好😂😂😂
2017-05-06 03:59:35 < joeswind > 請問大家一下，剛剛Rxjs投影片，有要Release出來嗎？
2017-05-06 03:59:43 < hao830103 > 跨部門很有趣 跟行銷還有設計聊天很開勳
2017-05-06 04:00:10 < lostshin > 開嘲諷
2017-05-06 04:00:16 < davidpai > 有話直說，對事不對人，省去很多溝通成本
2017-05-06 04:00:45 < davidpai > 但重點是各人EQ要夠
2017-05-06 04:01:45 < _1654035593321_twitter > 真的不能玻璃心
2017-05-06 04:01:47 < lostshin > 盜夢都市很好玩
2017-05-06 04:01:49 < joeswind > 這個有深刻的體認，也要隊員自律度高
2017-05-06 04:01:52 < mosquitojoe85 > 桌遊超好玩XDDDD
2017-05-06 04:02:09 < sylviaSyu > 超愛玩~~~~
2017-05-06 04:02:12 < mosquitojoe85 > 而且真的很適合培養感情(或破壞感情)
2017-05-06 04:02:51 < _1654035593321_twitter > switch好玩
2017-05-06 04:03:05 < leannechen > @joeswind 好像說會放在官網
2017-05-06 04:03:09 < BokuhaOutlier27_twitter > 雞排要切不要辣
2017-05-06 04:03:22 < _1654035593321_twitter > 該去買個炸雞了
2017-05-06 04:03:37 < davidpai > 該吃飯了~~~
2017-05-06 04:03:40 < s25g5d4 > 對面影城有 KFC
2017-05-06 04:03:49 < joeswind > @leannechen   感謝您
2017-05-06 04:03:53 < Wcc723 > 珍珠奶茶半糖去冰
2017-05-06 04:03:55 < sylviaSyu > leader沒有悲觀的權利 :D
2017-05-06 04:04:08 < BokuhaOutlier27_twitter > @sylviaSyu 說得好！
2017-05-06 04:04:35 < hao830103 > 有沒有人要一起吃肯德基 哈哈哈
2017-05-06 04:04:39 < davidpai > 桌遊超好玩，每次都玩說書人 XD
2017-05-06 04:04:47 < _1654035593321_twitter > 在高雄應該吃丹丹吧
2017-05-06 04:04:51 < sylviaSyu > 狼人 阿瓦隆也不錯
2017-05-06 04:04:59 < s25g5d4 > 等一下吃 KFC 的把 badge 擺在桌上好了 (?
2017-05-06 04:05:03 < sylviaSyu > 大格鬥 拉密~~~
2017-05-06 04:05:08 < hao830103 > 高雄人覺得丹丹吃膩了😆
2017-05-06 04:05:15 < leannechen > 阿瓦隆每玩必輸（弱
2017-05-06 04:05:29 < sylviaSyu > 贏的人心機最重 哈哈
2017-05-06 04:05:30 < joeswind > 哈，我是高雄人，我還是沒吃膩丹丹
2017-05-06 04:05:44 < hao830103 > 要吃五號餐 辣味
2017-05-06 04:05:47 < _1654035593321_twitter > 政變好玩
2017-05-06 04:05:48 < r567tw > 想問問講者，前端框架何其多有vue react angular...等等  如果我們想要爭取前端的工作 您建議是專精一個框架還是要樣樣都要懂一點?
2017-05-06 04:05:59 < BokuhaOutlier27_twitter > 慘了我沒帶mac充電線QQ
2017-05-06 04:06:39 < Welly0902 > 好問題
2017-05-06 04:07:07 < yichunkuo > 好問題 GO~
2017-05-06 04:07:13 < BokuhaOutlier27_twitter > 好問題
2017-05-06 04:07:15 < joeswind > 好問題
2017-05-06 04:07:22 < hao830103 > 好問題
2017-05-06 04:07:29 < davidpai > 感謝講者，收穫良多
2017-05-06 04:07:47 < trylovetom > 有誰要吃丹丹ㄇ
2017-05-06 04:07:54 < corey924 > 沮喪時就擁抱炸雞吧
http://i.imgur.com/61leOXb.jpg
2017-05-06 04:07:56 < yingming25 > 感謝講師
2017-05-06 04:08:02 < BokuhaOutlier27_twitter > 好棒...願意讓員工自我管理
2017-05-06 04:08:09 < sylviaSyu > 大家壓力大....哈哈
2017-05-06 04:08:23 < BokuhaOutlier27_twitter > @davidpai 垃圾食物有炸蔬菜喔
2017-05-06 04:08:25 < hao830103 > 炸雞棒棒
2017-05-06 04:08:43 < yichunkuo > 主持人會看到上面的問題嗎 XD
2017-05-06 04:08:51 < s9183858 > 炸雞炸雞
2017-05-06 04:09:05 < _1654035593321_twitter > Team裡有素食者時，聚餐都有點麻煩
2017-05-06 04:09:44 < _1654035593321_twitter > 不能吃各種葷食吃到飽
2017-05-06 04:09:51 < sylviaSyu > 蔬菜吃到飽
2017-05-06 04:10:01 < davidpai > 對啊，聚餐有麻煩
2017-05-06 04:10:58 < _1654035593321_twitter > 而且訂下午茶時，也總覺得會排擠到，真想知道該怎麼做比較好
2017-05-06 04:12:26 < _1654035593321_twitter > 因為不太可能讓葷食者一直吃素，大家應該會不滿，有次聚餐訂了素食餐廳就感覺到其他人很失望
2017-05-06 04:12:44 < davidpai > 對，有點麻煩，大家一起快樂吃雞排，他不吃也不喝可樂
2017-05-06 04:13:28 < _1654035593321_twitter > 可是他也沒有錯就是了
2017-05-06 04:14:42 < davidpai > 是沒錯，傷腦筋就在這裡
2017-05-06 04:16:03 < _1654035593321_twitter > 所以認真想知道其他公司都怎麼處理，畢竟聚餐是公司福利，但又不能折現，素食的同事就常常跟不到，提議餐廳時如果沒考慮到素食，就會覺得自己是壞人(｡ŏ﹏ŏ)
2017-05-06 04:16:42 < davidpai > (｡ŏ﹏ŏ)
2017-05-06 04:16:59 < mosquitojoe85 > (｡ŏ﹏ŏ)
2017-05-06 04:18:56 < davidpai > 所以結論，素食者不適合前端工作(誤
2017-05-06 04:20:47 < _1654035593321_twitter > 結果一堆前端大師是素食者這樣
2017-05-06 04:43:12 < YKKate > 前公司老闆、老闆娘、一位後端都是素食者，後端還是一定要素食餐廳的才吃....所以聚餐地點都交給後端去找XD 台北市其實滿多素食餐廳都不錯吃的
2017-05-06 05:08:42 < Yuki0916 > 不過不錯吃的素食餐廳  我記得價格都不便宜 w
2017-05-06 05:13:43 < YKKate > 簡餐類型的其實跟一般葷的價格差不多，三四百左右
2017-05-06 05:27:43 < davidpai > 主持人 <3 跪求臉書IG XD
2017-05-06 05:27:49 < yingming25 > 結果主持人沒帶牌子
2017-05-06 05:29:11 < trylovetom > 我也吃素
2017-05-06 05:34:55 < betsu > 主講者聲音變好小喔@@
2017-05-06 05:34:56 < ppc52776 > 聲音變小生了
2017-05-06 05:35:00 < r567tw > 聲音是不是有點小.....
2017-05-06 05:35:04 < HoshinoSyouta > 聲音突然變小了
2017-05-06 05:36:49 < RaphaHsu > 現在聲音會太小嗎？
2017-05-06 05:37:12 < Charlene03 > 現在不會了
2017-05-06 05:37:14 < betsu > 友好一些了
2017-05-06 05:37:20 < kmsheng > 麥克風聲音會斷斷續續的
2017-05-06 05:37:23 < Stewart1020 > 麥克風好像沒電了
2017-05-06 05:37:30 < Jasmin0410 > 會忽大忽小
2017-05-06 05:37:34 < Cooshif > 聲音有點小
2017-05-06 05:37:41 < miko566 > 麥克風有問題
2017-05-06 05:38:02 < Wcc723 > 這樣有好些嗎？
2017-05-06 05:38:11 < Wcc723 > 換了一支麥克風了
2017-05-06 05:38:16 < hao830103 > 好多了
2017-05-06 05:38:24 < spest3122 > 好多了 謝謝!!
2017-05-06 05:38:30 < betsu > 嗯嗯有比較大聲了
2017-05-06 05:38:31 < davidpai > 感恩
2017-05-06 05:38:36 < _1654035593321_twitter > 別緊張，把底下都當成蘑菇
2017-05-06 05:38:59 < davidpai > 蘑菇頭 XD
2017-05-06 05:39:19 < HamidaHanani_twitter > 焦距跑掉?
2017-05-06 05:39:30 < _1654035593321_twitter > 覺得以後可以配耳麥
2017-05-06 05:39:50 < hao830103 > 麥克風架也會好一點
2017-05-06 05:41:04 < kmsheng > 現在好像開始流行沒分號的風格 Orz
2017-05-06 05:41:53 < mosquitojoe85 > 沒加分號就覺得怪怪的(扭動)
2017-05-06 05:42:18 < _1654035593321_twitter > 人體麥克風架XD
2017-05-06 05:42:35 < YKKate > XD
2017-05-06 05:43:10 < davidpai > 沒分號怪怪的+1
2017-05-06 05:43:20 < kmsheng > repoDB 剛剛有宣告嗎
2017-05-06 05:43:55 < brianchen501_twitter > 剛剛有宣告 require一個他git的 db
2017-05-06 05:44:05 < kmsheng > 喔喔 ok 
2017-05-06 05:44:47 < trylovetom > JavaScript Standard Style 是沒有分號的
2017-05-06 05:44:55 < trylovetom > https://github.com/feross/standard
2017-05-06 05:45:00 < davidpai > @@ 剛剛看到一句 new Promise() 所以這個promise也是一種物件?
2017-05-06 05:45:55 < Yuki0916 > 是
2017-05-06 05:46:15 < davidpai > 我以為它只是一種設計概念的名詞
2017-05-06 05:46:37 < leannechen > https://developer.mozilla.org/zh-TW/docs/Web/JavaScript/Reference/Global_Objects/Promise
2017-05-06 05:47:43 < _1654035593321_twitter > 弱弱地問個笨問題：Standard Style是什麼(對不起，真的很外行......
2017-05-06 05:48:18 < unciax > 撰寫風格標準
2017-05-06 05:48:21 < davidpai > @leannechen 感謝，我孤陋寡聞了 orz...
2017-05-06 05:48:38 < Yuki0916 > https://standardjs.com/readme-zhtw.html
2017-05-06 05:49:51 < _1654035593321_twitter > 那是類似sass之於css的概念嗎
2017-05-06 05:49:55 < kmsheng > 每年報稅都是一場惡夢
2017-05-06 05:52:17 < davidpai > @_1654035593321_twitter Standard Style應該是說寫程式碼的一種風格，例如說變數名稱的命名方式，大括號區塊的位置，物件的命名等等的coding style，然後各種語言都會有人去制定一些標準風格guideline
2017-05-06 05:52:21 < Chun-Lin > 不算是，應該比較像是一種前面Aaron所說的coding style
2017-05-06 05:52:50 < _1654035593321_twitter > 喔喔，謝謝
2017-05-06 05:52:56 < brianchen501_twitter > 例如大家結尾都加分號或都不加
2017-05-06 05:53:04 < Welly0902 > 請問他是說 client side的甚麼壓 那是甚麼意思~
2017-05-06 05:53:17 < Welly0902 > render?
2017-05-06 05:53:42 < Yuki0916 > 客戶端
2017-05-06 05:54:08 < Welly0902 > 客戶端後面那個字呢?
2017-05-06 05:54:18 < veriw > client side rendering
2017-05-06 05:54:24 < Yukaii > 瀏覽器端的渲染
2017-05-06 05:54:47 < kmsheng > 就是在拿到 html 之後再用 js 填畫面上去
2017-05-06 05:54:48 < Yukaii > 渲染 => 這邊指產生 HTML 給瀏覽器畫
2017-05-06 05:55:00 < Yuki0916 > layout出畫面
2017-05-06 05:55:08 < brianchen501_twitter > 組成最終畫面的動作
2017-05-06 05:55:10 < _1654035593321_twitter > 那前面有同學說JavaScript Standard Style 是沒有分號的，這點我有點不理解
2017-05-06 05:55:14 < Welly0902 > 原來如此 感謝~
2017-05-06 05:55:48 < s25g5d4 > standard style 並不是指寫 JS 的標準 而是一種 coding style 的名稱
2017-05-06 05:56:10 < s25g5d4 > 只是作者她選了 standard 這個名稱
2017-05-06 05:56:12 < Yukaii > 有 standard 這個字星星就容易多（誤
2017-05-06 05:56:30 < _1654035593321_twitter > 哦哦哦
2017-05-06 05:56:39 < mosquitojoe85 > 他是一種寫作風格，只是剛好JavaScript Standard Style這種是不加分號
2017-05-06 05:56:46 < davidpai > 那個分號跟大括號區塊，我也是不理解，很多建議都是即使只有一行，結束也要加分號
2017-05-06 05:56:55 < _1654035593321_twitter > 我懂了，是我誤會意思了，謝謝大家的解釋
2017-05-06 05:57:11 < PSheon > json打錯了
2017-05-06 05:58:19 < Yuki0916 > 應該是即使是一行也要加大括號吧?
2017-05-06 05:58:59 < davidpai > @Yuki0916 啊對的沒錯，我打錯
2017-05-06 05:59:18 < Yuki0916 > 增加程式碼的可讀性
2017-05-06 05:59:42 < angelyaaaaa > 記得之前 apple 出大問題   就是單行沒有加括號出的錯ＸＤ
2017-05-06 06:00:04 < kmsheng >  SSL goto fail 嗎
2017-05-06 06:00:16 < kmsheng > 那個真的很慘
2017-05-06 06:01:29 < kmsheng > 不過有些寫 node.js 的人 if (err) 之後 throw 還是會寫成 one liner
2017-05-06 06:02:04 < RaphaHsu > Arrow Function沒加{}，相當於直接return 該值
https://developer.mozilla.org/zh-TW/docs/Web/JavaScript/Reference/Functions/Arrow_functions
2017-05-06 06:02:45 < angelyaaaaa > https://disp.cc/b/163-7m1U
2017-05-06 06:04:13 < BokuhaOutlier27_twitter > 共用程式碼…算是一種Library嗎？
2017-05-06 06:04:29 < kmsheng > 這種沒 return 的 style 要插 console.log 會有點小麻煩
2017-05-06 06:05:14 < davidpai > Douglas Crockford在「JavaScript優良部分」裡面也有提到這個大刮號區塊省略容易引起問題
2017-05-06 06:06:53 < kmsheng > @BokuhaOutlier27_twitter 算是一種架構，有些框架可以支援
2017-05-06 06:07:43 < RaphaHsu > Arrow Function的省略寫法跟優良部份講的誤區，講的是不同東西喔
2017-05-06 06:07:50 < dplayerd > 直播的聲音是不是忽大忽小?
2017-05-06 06:08:05 < dplayerd > 我從上午最後一堂開始就有點狀況
2017-05-06 06:08:29 < BokuhaOutlier27_twitter > 啊 是Framework
2017-05-06 06:08:43 < BokuhaOutlier27_twitter > 腦袋剛剛打結
2017-05-06 06:09:13 < BokuhaOutlier27_twitter > 打錯詞orz
2017-05-06 06:10:50 < yingming25 > 為什麼妳不帶牌子 (被揍
2017-05-06 06:11:19 < _1654035593321_twitter > 啪啪啪(鼓掌
2017-05-06 06:11:49 < mosquitojoe85 > (鼓掌)
2017-05-06 06:12:22 < davidpai > @yingming25 很在意主持人的名牌 XD
2017-05-06 06:13:49 < kmsheng > (res) => doSomething(res) 要 debug, 大概可以寫成（res) => console.log(red) && doSomething(res); 這樣？
2017-05-06 06:14:10 < BokuhaOutlier27_twitter > 啊啊啊好想把炸雞桶帶進會場大吃特吃
2017-05-06 06:14:25 < mosquitojoe85 > 竟然可以這樣寫，學到一招了
2017-05-06 06:14:49 < spest3122 > 感覺很像 express js加上 html (內含vuejs code)的 template 輸出這樣子 不知道對不對
2017-05-06 06:16:04 < corey924 > 請問一下剛剛講者 vue.js 的 code 會分享出來嗎？
2017-05-06 06:17:52 < kmsheng > vue.js 應該也有類似 react-dom 的 renderToString 吧？
2017-05-06 06:22:41 < corey924 > 因為比較晚入場，有一段好像沒跟到，不好意思XD
2017-05-06 06:25:55 < dplayerd > 是 Marty 耶耶耶~!!!
2017-05-06 06:26:03 < jd615645 > 是 Marty 耶
2017-05-06 06:26:35 < whyang9701 > 是 Marty 耶耶耶~!!!
2017-05-06 06:26:50 < Yuki0916 > youtube的實況不是可以往回啦?
2017-05-06 06:26:57 < WanJen > 是 Marty 呀呀呀～～～
2017-05-06 06:27:52 < corey924 > Marty耶～（跟風）
實況不是另外買票的嗎？
2017-05-06 06:28:50 < RaphaHsu > @corey924  燒燙燙vue講者程式碼
https://github.com/jacky810124/isomorphic-vue-simple-demo
2017-05-06 06:29:02 < r7a1984_twitter > 謝謝
2017-05-06 06:29:12 < davidpai > GJ
2017-05-06 06:29:15 < corey924 > 謝主隆恩
2017-05-06 06:29:22 < unaxie > 謝謝～
2017-05-06 06:30:05 < Yuki0916 > 感謝大大
2017-05-06 06:31:26 < dplayerd > 聽不到啊啊啊啊啊
2017-05-06 06:31:43 < dplayerd > 直播幾乎沒聲音
2017-05-06 06:32:20 < Welly0902 > 太小聲+1
2017-05-06 06:33:02 < RaphaHsu > 直播團隊調整中，請稍等~
2017-05-06 06:33:23 < Welly0902 > 辛苦了~
2017-05-06 06:34:04 < davidpai > 辛苦 <(_ _)>
2017-05-06 06:37:32 < davidpai > 視覺化coding XD 對設計師非常友善
2017-05-06 06:37:57 < dplayerd > 謝謝   辛苦工作團隊了
2017-05-06 06:38:15 < RaphaHsu > 順便幫忙廣告Vue講者待的Co-working Space - 好想工作室
https://www.facebook.com/GoodideasStudio/posts/1864110143828184
2017-05-06 06:38:23 < kmsheng > 👍
2017-05-06 06:39:41 < davidpai > 好想工作室，也是在高雄嗎?
2017-05-06 06:39:50 < RaphaHsu > 以及下禮拜，TonyQ 會去講 ES2015，對下一代Javascript長怎樣有興趣的朋友，可以關注一下
http://www.accupass.com/go/es6features
2017-05-06 06:40:10 < RaphaHsu > @davidpai 在台南大橋，奇美醫院附近
2017-05-06 06:40:35 < davidpai > @RaphaHsu ok thanks
2017-05-06 06:40:50 < kmsheng > 沒票了 😂
2017-05-06 06:41:54 < RaphaHsu > @kmsheng 通常活動前幾天都會掉票出來 haha
2017-05-06 06:42:58 < davidpai > (y) 
2017-05-06 06:43:38 < dplayerd > 掉票出來?   是打怪的概念?
2017-05-06 06:43:56 < s25g5d4 > 勇闖地下城的概念
2017-05-06 06:56:05 < wenyishie > 這積木學程式很適合小朋友入門
2017-05-06 06:57:38 < BokuhaOutlier27_twitter > 積木拼上去的音效好療癒
2017-05-06 06:57:53 < wenyishie > 邊聽邊玩
2017-05-06 06:58:00 < Welly0902 > 真的XD
2017-05-06 06:59:45 < wenyishie > 可是我怎麼找不到剛剛從哪拉出來開發版
2017-05-06 07:01:41 < dplayerd > 左上方有個「開發版」的分群
2017-05-06 07:01:46 < dplayerd > 在工具列裡面
2017-05-06 07:07:08 < r7a1984_twitter > UI 可以更好

2017-05-06 07:09:14 < BokuhaOutlier27_twitter > 不知道Flay風格的UI適不適合Blockly
2017-05-06 07:09:56 < davidpai > 不小心就發射了XD
2017-05-06 07:12:09 < dplayerd > BLOCKLY 比較強調的是，流程的破碎化、重組、快速開發
2017-05-06 07:12:14 < dplayerd > 純 UI 倒沒那麼適合
2017-05-06 07:15:04 < davidpai > 去應徵了XDD
2017-05-06 07:15:25 < betsu > 徵才XDDDD
2017-05-06 07:15:42 < wenyishie > 每個section都有徵才ＸＤＤＤ
2017-05-06 07:17:19 < betsu > 回鄉創業很棒!!
2017-05-06 07:17:31 < wenyishie > 我也很想回家鄉ＱＱ
2017-05-06 07:19:11 < davidpai > 玩鳥票有聽過
2017-05-06 07:19:44 < betsu > 76年次!!!!
2017-05-06 07:19:51 < wenyishie > 晚鳥票 哈哈哈哈 玩鳥票
2017-05-06 07:19:58 < mosquitojoe85 > 超年輕!!
2017-05-06 07:20:39 < dplayerd > 這樣很好啊   他說得很好   做工具的人卻不太會用工具
2017-05-06 07:20:40 < dplayerd > XD
2017-05-06 07:21:32 < betsu > 這分享好寶貴
2017-05-06 07:21:55 < davidpai > 很好奇賣什麼東西
2017-05-06 07:22:27 < davidpai > 什麼東西每個月賣幾百萬
2017-05-06 07:22:30 < unciax > http://adz.logdown.com/posts/711838-merchant-mentality-of-1-software-engineer-to-be-redeployed-fastest-growth-ever-year
2017-05-06 07:23:08 < BokuhaOutlier27_twitter > 所以是要徵UI嗎？ JavaScript沒有很熟囧
2017-05-06 07:24:17 < angelyaaaaa > 要改版  感覺是前端＋UI 
2017-05-06 07:24:48 < wenyishie > 酷...... 背棄ＳＥＯ
2017-05-06 07:25:13 < mosquitojoe85 > 一頁商店感覺比較適合社群行銷?
2017-05-06 07:25:41 < wenyishie > 草創品牌打市場的入口？
2017-05-06 07:25:47 < betsu > 行銷活動在用的感覺
2017-05-06 07:32:42 < davidpai > 技術的真正價值

只要沒有人願意買單，技術就沒有價值
這句話寫得真好
2017-05-06 07:37:05 < kmsheng > 76 年次寫了 20 年程式，也就是說 10 歲就會寫程式，真強
2017-05-06 07:38:00 < lostshin > 他真的很猛
2017-05-06 07:40:09 < davidpai > 如果真的是想賺錢的，拋下技術的尊嚴，先去幫助營運把營運做起來，營運做起來了，有賺錢了，技術才有長大的養分
2017-05-06 08:00:55 < sylviaSyu > 技術是解決問題的工具之一 呵呵
2017-05-06 08:02:50 < betsu > 天啊~~真的是這樣~~大家都欠我的
2017-05-06 08:13:55 < davidpai > 千萬別說資料最後在提供了 <== 百分之兩千同意
2017-05-06 08:14:15 < sylviaSyu > 客戶最大....哈
2017-05-06 08:14:19 < wenyishie > 同意！！
2017-05-06 08:14:25 < betsu > 最後再提共資料就是悲劇
2017-05-06 08:14:51 < betsu > 幾乎都會大改.....
2017-05-06 08:15:07 < wenyishie > 個人接case.... 是不是說了什麼....
2017-05-06 08:15:39 < davidpai > 所以要靠PM跟客戶去溝通了
2017-05-06 08:16:29 < wenyishie > ＰＭ有技術背景很重要...
2017-05-06 08:17:43 < davidpai > BEM是什麼QQ?
2017-05-06 08:17:52 < unciax > http://ithelp.ithome.com.tw/articles/10160545
2017-05-06 08:18:11 < betsu > PM要有技術背景很難找啊~~~
2017-05-06 08:18:27 < stanley823 > http://fbrctr.github.io
2017-05-06 08:18:36 < kmsheng > 一種命名風格
2017-05-06 08:18:41 < sylviaSyu > 由技術PM培養 還是PM培養技術 哪個較容易
2017-05-06 08:18:47 < RaphaHsu > PM技術也得與時並進喲
2017-05-06 08:19:14 < kmsheng > http://getbem.com/introduction/
2017-05-06 08:20:24 < betsu > BEM除了是一種命名風格之外也可以看作是一種架構方法
2017-05-06 08:21:15 < RaphaHsu > 如同前端工程師/設計師需要學習對方領域，以消除溝通鴻溝，PM則是需要涵蓋管理與技術領域的實際經驗，才可以有效幫助團隊溝通喲。
2017-05-06 08:22:32 < hungjie19 > JAM Stack
https://jamstack.org/
2017-05-06 08:22:48 < Chung-Wei-Pan > 命名風格也是一門藝術 個人認為那種命名時的感覺跟小時候玩online game時想ID很像
2017-05-06 08:26:35 < yooniks9 > roots.io
2017-05-06 08:26:59 < yooniks9 > https://roots.io/
2017-05-06 08:27:35 < davidpai > 客戶最大，他只會用wp那就wp
2017-05-06 08:27:41 < BokuhaOutlier27_twitter > 感謝
2017-05-06 08:29:43 < yooniks9 > 如何使用請參考
2017-05-06 08:29:45 < yooniks9 > http://davekiss.com/develop-wordpress-sites-like-a-goddamn-champion/
2017-05-06 08:30:28 < davidpai > 感謝
2017-05-06 08:31:14 < kingwawa > 剛剛說通靈嗎 XD
2017-05-06 08:31:45 < yooniks9 > https://www.invisionapp.com/ 
2017-05-06 08:32:50 < davidpai > 工具人XD
2017-05-06 08:33:38 < BokuhaOutlier27_twitter > inVison還不錯 開發的外掛craft也很好用
2017-05-06 08:34:59 < sylviaSyu > trello 真的好用
2017-05-06 08:35:04 < sylviaSyu > JANDI 也不錯
2017-05-06 08:35:32 < kmsheng > https://screenhero.com/pricing.html screenhero 目前不用收費喔
2017-05-06 08:36:15 < BokuhaOutlier27_twitter > trello 主要在做什麼的 剛剛聽不太清楚
2017-05-06 08:36:35 < kmsheng > Issue tracking system
2017-05-06 08:36:37 < dustinhsiao21 > https://trello.com/
2017-05-06 08:36:47 < davidpai > 一個用左腦一個用右腦，左右腦同時發達的人很少，打著燈籠也很難找
2017-05-06 08:37:09 < angelyaaaaa > 管理專案分工 （主要對外
2017-05-06 08:37:27 < sylviaSyu > 我目前是拿來用內部團隊執行專案用
2017-05-06 08:38:12 < kmsheng > 不過 trello 不能開子票
2017-05-06 08:38:27 < sylviaSyu > 我也強迫member要用通訊工具 呵呵
2017-05-06 08:38:29 < betsu > 強制推廣哈哈哈哈哈
2017-05-06 08:38:54 < BokuhaOutlier27_twitter > Slack真的比line好用很多啊！ 回饋建議能和一般訊息隔開來
2017-05-06 08:39:00 < davidpai > 還是要強制力介入
2017-05-06 08:39:12 < betsu > PM的確可以這樣做~~
2017-05-06 08:39:21 < BokuhaOutlier27_twitter > @sylviaSyu  @angelyaaaaa 感謝回答
2017-05-06 08:40:06 < wenyishie > 大家比較推薦哪個工具做公司內部的專案管理或是每個人工作進度呢....
2017-05-06 08:40:28 < sylviaSyu > Trello + Jandi
2017-05-06 08:40:30 < davidpai > 我現在用Trello
2017-05-06 08:41:04 < ExileLee > trello + 1
2017-05-06 08:41:06 < sylviaSyu > 今天的收穫：通靈
2017-05-06 08:41:10 < sylviaSyu > 哈哈哈
2017-05-06 08:41:14 < davidpai > @kmsheng Trello不能開子票是什麼意思?
2017-05-06 08:41:16 < betsu > 大家都是通靈王
2017-05-06 08:41:32 < sylviaSyu > 猜客戶 猜跨部門在想什麼
2017-05-06 08:41:54 < Yukaii > Redmine 大好
2017-05-06 08:42:12 < allenplay1124 > 看來只能通靈了！
2017-05-06 08:42:30 < sylviaSyu > 工具可以輔助降低通靈比例，但不代表不用通靈
2017-05-06 08:42:41 < betsu > 哈哈哈真的
2017-05-06 08:42:44 < BokuhaOutlier27_twitter > 可以嘗試doodle 不必畫得很好 有把想法表達出來就好
2017-05-06 08:43:26 < wenyishie > 謝謝大家分享ＸＤＤ
2017-05-06 08:43:48 < sylviaSyu > THS :)
2017-05-06 08:43:51 < mosquitojoe85 > 感謝大家<3<3
2017-05-06 08:43:58 < betsu > 今天的分享都棒棒
2017-05-06 08:43:59 < brianchen501_twitter > 謝謝～
2017-05-06 08:44:04 < BokuhaOutlier27_twitter > 廖院長本人看起來比照片還年輕，害我認不太出來
2017-05-06 08:44:05 < davidpai > 感謝大家和辛苦的講者 <3 
2017-05-06 08:44:09 < sylviaSyu > 今天講者都很棒
2017-05-06 08:44:30 < BokuhaOutlier27_twitter > 感謝各位大神不吝分享！現場的人比Mopcon還害羞
2017-05-06 08:44:33 < sylviaSyu > 期待下一次研討會
2017-05-06 08:44:38 < flymaple628 > 謝謝大家分享
2017-05-06 08:44:54 < Welly0902 > 謝謝大家~
2017-05-06 08:45:15 < BokuhaOutlier27_twitter > 希望高雄前端社群可以多挖一點坑
2017-05-06 08:45:30 < mosquitojoe85 > (鼓掌)
2017-05-06 08:45:42 < davidpai > 下次conf可以來開個通靈分享
2017-05-06 08:45:54 < YKKate > 非常感謝高雄前端社群的各位
2017-05-06 08:46:07 < wenyishie > 可以分很多section 客戶、主管、同事之間
2017-05-06 08:46:10 < davidpai > 如何增進通靈功力XD
2017-05-06 08:46:11 < _1654035593321_twitter > 謝謝講師們跟工作人員
2017-05-06 08:46:13 < stanley823 > 謝謝大家~
2017-05-06 08:46:14 < wenyishie > 大家來通
2017-05-06 08:46:31 < davidpai > 謝謝大家88
2017-05-06 08:46:40 < ppc52776 > 謝謝各位~
2017-05-06 08:46:42 < miko566 > 感謝大家
2017-05-06 08:46:45 < nicole0116 > 謝謝大家
2017-05-06 08:47:01 < dustinhsiao21 > 謝謝大家
2017-05-06 08:47:11 < yingming25 > 謝謝大家
2017-05-06 08:47:17 < wenyishie > 謝謝大家 掰掰
2017-05-06 08:47:55 < wenyishie > 只是講者如果出於自願可以提供簡報 應該怎麼取得...?
2017-05-06 08:48:28 < davidpai > 去追講者的個人臉書?
2017-05-06 09:10:10 < s3206brian > ttps://kanban-chi.appspot.com/
2017-05-06 09:10:12 < s3206brian > 推薦
2017-05-06 09:10:34 < s3206brian > 個人覺得比較好用的kanban
2017-05-06 10:01:11 < Wcc723 > (((o(*ﾟ▽ﾟ*)o)))
2017-05-06 10:05:20 < davidpai > kanbanchi不懂他為什麼需要連結Google account?
2017-05-06 10:06:01 < davidpai > 不對，是不懂他為什麼要連結google doc雲端硬碟
2017-05-06 10:55:26 < kingwawa > 請問今天的錄影檔會在哪裡提供阿 QQ
2017-05-06 10:56:02 < brownsugar > https://www.youtube.com/watch?v=tKmGMK-CUJw
2017-05-06 10:58:47 < kingwawa > @brownsugar  請問你點進去看到的是從早上開始嗎
2017-05-06 10:59:10 < kingwawa > 因為我點進去後好像都是下午場的演講 QQ
2017-05-06 10:59:15 < brownsugar > 我不知道直播的是哪個時段欸 他一開始就說中午好XD
2017-05-06 10:59:29 < kingwawa > XDDD
2017-05-06 10:59:36 < kingwawa > 好哦 感謝你
2017-05-06 19:29:46 < brownsugar > 喔喔喔～原來那時候是 YouTube 還在處理，所以只有最後四小時的畫面，現在八小時完整版出現了
2017-05-08 06:43:52 < BokuhaOutlier27_twitter > 請問現場票的是不是不能看錄影檔?? 最後Hsiang語速太快了 有些聽不太懂orz
2017-05-08 08:10:46 < Wcc723 > 現場票也可以看錄影檔，屆時我們會將直播商的錄影檔上傳
一同將現場票與直播票的名單匯入
2017-05-08 15:05:47 < whalesingswee > @BokuhaOutlier27_twitter 非常不好意思⋯⋯ 我會檢討的，第一次上台分享，有點緊張 😂，加上中文不太是母語。這是簡報的連結，希望能幫上：https://www.slideshare.net/hsianglee/ss-75781236
2017-05-18 03:22:17 < lostshin > @whalesingswee 妳說的很棒啦！！！
2017-05-19 03:35:28 < BokuhaOutlier27_twitter > @whalesingswee 啊不好意思>"< 後來有考慮到妳有很多內容要說時間卻不夠的狀況... 加上我英文太爛才會聽不清楚，不是妳的問題啦！這個議題讓大家獲益良多唷！
2017-06-21 09:35:36 < ibufu > 请问有用 RxJS 寫出可讀的程式碼的ppt吗？
